<?xml version="1.0" encoding="UTF-8"?>
<!-- Generated by org.testng.reporters.JUnitXMLReporter -->
<testsuite ignored="0" hostname="DESKTOP-RA9KB26" failures="0" tests="6" name="Test" time="0.055" errors="0" timestamp="2024-09-23T12:56:02 IST">
  <testcase classname="Framework.Para_method_testng" name="Test2" time="0.013"/>
  <testcase classname="Framework.Para_method_testng" name="Test1" time="0.001"/>
  <testcase classname="Framework.Para1_method_testng" name="test15" time="0.001"/>
  <testcase classname="Framework.Para1_method_testng" name="test12" time="0.002"/>
  <testcase classname="Framework.Para1_method_testng" name="test12" time="0.0"/>
  <testcase classname="Framework.Para1_method_testng" name="test12" time="0.001"/>
</testsuite> <!-- Test -->
